Building DAG of jobs...
Using shell: /bin/bash
Provided cores: 4
Rules claiming more threads will be scaled down.
Job stats:
job                                   count    min threads    max threads
----------------------------------  -------  -------------  -------------
add_spacers                               2              1              1
all                                       1              1              1
blast_probes                              2              1              1
collect_probe_coverage_results            1              1              1
collect_selected_probe_information        2              1              1
combine_full_length_sequences             2              1              1
design_probes                             2              1              1
evaluate_taxon_probes                     2              1              1
generate_full_probes                      2              1              1
select_taxon_probes                       2              1              1
total                                    18              1              1

Select jobs to execute...

[Wed Jul  7 23:57:34 2021]
rule design_probes:
    input: /Users/hao/Documents/Research/Cornell/Scripts/hiprfish/probe-design/example/test_sample/input/test_sample.fasta, /Users/hao/Documents/Research/Cornell/Scripts/hiprfish/probe-design/example/test_sample
    output: /Users/hao/Documents/Research/Cornell/Scripts/hiprfish/probe-design/example/test_sample/genus/s_0.1/primer3/{*}_consensus.int (dynamic)
    jobid: 16
    wildcards: sample=test_sample, target_rank=genus, similarity=0.1
    resources: tmpdir=/var/folders/gx/38cjbjvj1_gbld0y2r81xpzw0000gn/T

Subsequent jobs will be added dynamically depending on the output of this job

[Wed Jul  7 23:57:34 2021]
rule design_probes:
    input: /Users/hao/Documents/Research/Cornell/Scripts/hiprfish/probe-design/example/test_sample/input/test_sample.fasta, /Users/hao/Documents/Research/Cornell/Scripts/hiprfish/probe-design/example/test_sample
    output: /Users/hao/Documents/Research/Cornell/Scripts/hiprfish/probe-design/example/test_sample/species/s_0.1/primer3/{*}_consensus.int (dynamic)
    jobid: 8
    wildcards: sample=test_sample, target_rank=species, similarity=0.1
    resources: tmpdir=/var/folders/gx/38cjbjvj1_gbld0y2r81xpzw0000gn/T

Subsequent jobs will be added dynamically depending on the output of this job
[Wed Jul  7 23:59:55 2021]
Finished job 16.
1 of 18 steps (6%) done
[Thu Jul  8 00:00:07 2021]
Finished job 8.
2 of 18 steps (11%) done
Dynamically updating jobs
Dynamically updating jobs
Select jobs to execute...

[Thu Jul  8 00:00:19 2021]
rule blast_probes:
    input: /Users/hao/Documents/Research/Cornell/Scripts/hiprfish/probe-design/example/test_sample/species/s_0.1/primer3/285_consensus.int
    output: /Users/hao/Documents/Research/Cornell/Scripts/hiprfish/probe-design/example/test_sample/species/s_0.1/primer3/285.probe.blast.complete.txt
    jobid: 73
    wildcards: sample=test_sample, target_rank=species, similarity=0.1, taxon=285
    resources: tmpdir=/var/folders/gx/38cjbjvj1_gbld0y2r81xpzw0000gn/T


[Thu Jul  8 00:00:19 2021]
rule blast_probes:
    input: /Users/hao/Documents/Research/Cornell/Scripts/hiprfish/probe-design/example/test_sample/species/s_0.1/primer3/564_consensus.int
    output: /Users/hao/Documents/Research/Cornell/Scripts/hiprfish/probe-design/example/test_sample/species/s_0.1/primer3/564.probe.blast.complete.txt
    jobid: 77
    wildcards: sample=test_sample, target_rank=species, similarity=0.1, taxon=564
    resources: tmpdir=/var/folders/gx/38cjbjvj1_gbld0y2r81xpzw0000gn/T


[Thu Jul  8 00:00:19 2021]
rule blast_probes:
    input: /Users/hao/Documents/Research/Cornell/Scripts/hiprfish/probe-design/example/test_sample/species/s_0.1/primer3/1353_consensus.int
    output: /Users/hao/Documents/Research/Cornell/Scripts/hiprfish/probe-design/example/test_sample/species/s_0.1/primer3/1353.probe.blast.complete.txt
    jobid: 89
    wildcards: sample=test_sample, target_rank=species, similarity=0.1, taxon=1353
    resources: tmpdir=/var/folders/gx/38cjbjvj1_gbld0y2r81xpzw0000gn/T


[Thu Jul  8 00:00:20 2021]
rule blast_probes:
    input: /Users/hao/Documents/Research/Cornell/Scripts/hiprfish/probe-design/example/test_sample/genus/s_0.1/primer3/1350_consensus.int
    output: /Users/hao/Documents/Research/Cornell/Scripts/hiprfish/probe-design/example/test_sample/genus/s_0.1/primer3/1350.probe.blast.complete.txt
    jobid: 43
    wildcards: sample=test_sample, target_rank=genus, similarity=0.1, taxon=1350
    resources: tmpdir=/var/folders/gx/38cjbjvj1_gbld0y2r81xpzw0000gn/T

Select jobs to execute...
[Thu Jul  8 00:00:21 2021]
Error in rule blast_probes:
    jobid: 73
    output: /Users/hao/Documents/Research/Cornell/Scripts/hiprfish/probe-design/example/test_sample/species/s_0.1/primer3/285.probe.blast.complete.txt
    shell:
        python3 /Users/hao/Documents/Research/Cornell/Scripts/hiprfish/probe-design/hiprfish-probe-design-consensus/hiprfish_blast_probes.py /Users/hao/Documents/Research/Cornell/Scripts/hiprfish/probe-design/example/test_sample/input/test_sample.oriented.fasta /Users/hao/Documents/Research/Cornell/Scripts/hiprfish/probe-design/example/test_sample/species/s_0.1/primer3/285_consensus.int
        (one of the commands exited with non-zero exit code; note that snakemake uses bash strict mode!)

[Thu Jul  8 00:00:21 2021]
Error in rule blast_probes:
    jobid: 43
    output: /Users/hao/Documents/Research/Cornell/Scripts/hiprfish/probe-design/example/test_sample/genus/s_0.1/primer3/1350.probe.blast.complete.txt
    shell:
        python3 /Users/hao/Documents/Research/Cornell/Scripts/hiprfish/probe-design/hiprfish-probe-design-consensus/hiprfish_blast_probes.py /Users/hao/Documents/Research/Cornell/Scripts/hiprfish/probe-design/example/test_sample/input/test_sample.oriented.fasta /Users/hao/Documents/Research/Cornell/Scripts/hiprfish/probe-design/example/test_sample/genus/s_0.1/primer3/1350_consensus.int
        (one of the commands exited with non-zero exit code; note that snakemake uses bash strict mode!)

[Thu Jul  8 00:00:21 2021]
Error in rule blast_probes:
    jobid: 77
    output: /Users/hao/Documents/Research/Cornell/Scripts/hiprfish/probe-design/example/test_sample/species/s_0.1/primer3/564.probe.blast.complete.txt
    shell:
        python3 /Users/hao/Documents/Research/Cornell/Scripts/hiprfish/probe-design/hiprfish-probe-design-consensus/hiprfish_blast_probes.py /Users/hao/Documents/Research/Cornell/Scripts/hiprfish/probe-design/example/test_sample/input/test_sample.oriented.fasta /Users/hao/Documents/Research/Cornell/Scripts/hiprfish/probe-design/example/test_sample/species/s_0.1/primer3/564_consensus.int
        (one of the commands exited with non-zero exit code; note that snakemake uses bash strict mode!)

[Thu Jul  8 00:00:21 2021]
Error in rule blast_probes:
    jobid: 89
    output: /Users/hao/Documents/Research/Cornell/Scripts/hiprfish/probe-design/example/test_sample/species/s_0.1/primer3/1353.probe.blast.complete.txt
    shell:
        python3 /Users/hao/Documents/Research/Cornell/Scripts/hiprfish/probe-design/hiprfish-probe-design-consensus/hiprfish_blast_probes.py /Users/hao/Documents/Research/Cornell/Scripts/hiprfish/probe-design/example/test_sample/input/test_sample.oriented.fasta /Users/hao/Documents/Research/Cornell/Scripts/hiprfish/probe-design/example/test_sample/species/s_0.1/primer3/1353_consensus.int
        (one of the commands exited with non-zero exit code; note that snakemake uses bash strict mode!)

Shutting down, this might take some time.
Exiting because a job execution failed. Look above for error message
Complete log: /Users/hao/Documents/Research/Cornell/Scripts/hiprfish/probe-design/hiprfish-probe-design-consensus/.snakemake/log/2021-07-07T235733.205858.snakemake.log
