Building DAG of jobs...
Using shell: /bin/bash
Provided cores: 4
Rules claiming more threads will be scaled down.
Job stats:
job                                   count    min threads    max threads
----------------------------------  -------  -------------  -------------
all                                       1              1              1
collect_probe_coverage_results            1              1              1
collect_selected_probe_information        1              1              1
combine_full_length_sequences             1              1              1
generate_full_probes                      1              1              1
total                                     5              1              1

Select jobs to execute...

[Tue Jul  6 08:51:03 2021]
rule collect_selected_probe_information:
    input: /Users/hao/Documents/Research/Cornell/Scripts/hiprfish/probe-design/example/simulation_table_example.csv, /Users/hao/Documents/Research/Cornell/Scripts/hiprfish/probe-design/example/simulation/DSGN0000, /Users/hao/Documents/Research/Cornell/Scripts/hiprfish/probe-design/example/simulation/DSGN0000/338_probe_selection_sa.csv, /Users/hao/Documents/Research/Cornell/Scripts/hiprfish/probe-design/example/simulation/DSGN0000/1716_probe_selection_sa.csv, /Users/hao/Documents/Research/Cornell/Scripts/hiprfish/probe-design/example/simulation/DSGN0000/469_probe_selection_sa.csv, /Users/hao/Documents/Research/Cornell/Scripts/hiprfish/probe-design/example/simulation/DSGN0000/2767842_probe_selection_sa.csv, /Users/hao/Documents/Research/Cornell/Scripts/hiprfish/probe-design/example/simulation/DSGN0000/2767886_probe_selection_sa.csv, /Users/hao/Documents/Research/Cornell/Scripts/hiprfish/probe-design/example/simulation/DSGN0000/1350_probe_selection_sa.csv, /Users/hao/Documents/Research/Cornell/Scripts/hiprfish/probe-design/example/simulation/DSGN0000/434_probe_selection_sa.csv, /Users/hao/Documents/Research/Cornell/Scripts/hiprfish/probe-design/example/simulation/DSGN0000/662_probe_selection_sa.csv, /Users/hao/Documents/Research/Cornell/Scripts/hiprfish/probe-design/example/simulation/DSGN0000/283_probe_selection_sa.csv, /Users/hao/Documents/Research/Cornell/Scripts/hiprfish/probe-design/example/simulation/DSGN0000/561_probe_selection_sa.csv
    output: /Users/hao/Documents/Research/Cornell/Scripts/hiprfish/probe-design/example/simulation/DSGN0000/taxon_best_probes.csv, /Users/hao/Documents/Research/Cornell/Scripts/hiprfish/probe-design/example/simulation/DSGN0000/taxon_best_probes_filtered.csv, /Users/hao/Documents/Research/Cornell/Scripts/hiprfish/probe-design/example/simulation/DSGN0000/taxon_best_probes_summary.csv
    jobid: 4
    wildcards: design_id=DSGN0000
    resources: tmpdir=/var/folders/gx/38cjbjvj1_gbld0y2r81xpzw0000gn/T

[Tue Jul  6 08:51:04 2021]
Finished job 4.
1 of 5 steps (20%) done
Select jobs to execute...

[Tue Jul  6 08:51:04 2021]
rule generate_full_probes:
    input: /Users/hao/Documents/Research/Cornell/Scripts/hiprfish/probe-design/example/simulation/DSGN0000/taxon_best_probes.csv
    output: /Users/hao/Documents/Research/Cornell/Scripts/hiprfish/probe-design/example/simulation/DSGN0000/DSGN0000_full_length_probes_sequences.txt, /Users/hao/Documents/Research/Cornell/Scripts/hiprfish/probe-design/example/simulation/DSGN0000/DSGN0000_full_length_blocking_probes_sequences.txt, /Users/hao/Documents/Research/Cornell/Scripts/hiprfish/probe-design/example/simulation/DSGN0000/DSGN0000_full_length_helper_probes_sequences.txt, /Users/hao/Documents/Research/Cornell/Scripts/hiprfish/probe-design/example/simulation/DSGN0000/DSGN0000_full_length_probes_summary.txt
    jobid: 3
    wildcards: design_id=DSGN0000
    resources: tmpdir=/var/folders/gx/38cjbjvj1_gbld0y2r81xpzw0000gn/T

Terminating processes on user request, this might take some time.
[Tue Jul  6 10:48:38 2021]
Error in rule generate_full_probes:
    jobid: 3
    output: /Users/hao/Documents/Research/Cornell/Scripts/hiprfish/probe-design/example/simulation/DSGN0000/DSGN0000_full_length_probes_sequences.txt, /Users/hao/Documents/Research/Cornell/Scripts/hiprfish/probe-design/example/simulation/DSGN0000/DSGN0000_full_length_blocking_probes_sequences.txt, /Users/hao/Documents/Research/Cornell/Scripts/hiprfish/probe-design/example/simulation/DSGN0000/DSGN0000_full_length_helper_probes_sequences.txt, /Users/hao/Documents/Research/Cornell/Scripts/hiprfish/probe-design/example/simulation/DSGN0000/DSGN0000_full_length_probes_summary.txt
    shell:
        python3 /Users/hao/Documents/Research/Cornell/Scripts/hiprfish/probe-design/hiprfish-probe-design-consensus/hiprfish_generate_full_probes.py /Users/hao/Documents/Research/Cornell/Scripts/hiprfish/probe-design/example/simulation/DSGN0000 /Users/hao/Documents/Research/Cornell/Scripts/hiprfish/probe-design/example/test_sample/genus/s_0.1/consensus /Users/hao/Documents/Research/Cornell/Scripts/hiprfish/probe-design/example/utilities/test_sample/genus/s_0.1/consensus /Users/hao/Documents/Research/Cornell/Scripts/hiprfish/probe-design/example/test_sample/genus/s_0.1/blast /Users/hao/Documents/Research/Cornell/Scripts/hiprfish/probe-design/example/test_sample/input/test_sample.oriented.fasta 0.99 14 15 -ps C -t genus -bs MostSimple -hr 14 -tc white
        (one of the commands exited with non-zero exit code; note that snakemake uses bash strict mode!)

Removing output files of failed job generate_full_probes since they might be corrupted:
/Users/hao/Documents/Research/Cornell/Scripts/hiprfish/probe-design/example/simulation/DSGN0000/DSGN0000_full_length_probes_sequences.txt, /Users/hao/Documents/Research/Cornell/Scripts/hiprfish/probe-design/example/simulation/DSGN0000/DSGN0000_full_length_blocking_probes_sequences.txt
Complete log: /Users/hao/Documents/Research/Cornell/Scripts/hiprfish/probe-design/hiprfish-probe-design-consensus/.snakemake/log/2021-07-06T085049.526163.snakemake.log
