Building DAG of jobs...
Using shell: /bin/bash
Provided cores: 2
Rules claiming more threads will be scaled down.
Job stats:
job                                   count    min threads    max threads
----------------------------------  -------  -------------  -------------
add_spacers                              21              1              1
all                                       1              1              1
blast_probes                             21              1              1
collect_probe_coverage_results            1              1              1
collect_selected_probe_information        2              1              1
combine_full_length_sequences             2              1              1
evaluate_taxon_probes                    21              1              1
generate_full_probes                      2              1              1
select_taxon_probes                      21              1              1
total                                    92              1              1

Select jobs to execute...

[Thu Jul  8 09:03:47 2021]
rule blast_probes:
    input: /Users/hao/Documents/Research/Cornell/Scripts/hiprfish/probe-design/example/test_sample/species/s_0.1/primer3/1353_consensus.int
    output: /Users/hao/Documents/Research/Cornell/Scripts/hiprfish/probe-design/example/test_sample/species/s_0.1/primer3/1353.probe.blast.complete.txt
    jobid: 25
    wildcards: sample=test_sample, target_rank=species, similarity=0.1, taxon=1353
    resources: tmpdir=/var/folders/gx/38cjbjvj1_gbld0y2r81xpzw0000gn/T


[Thu Jul  8 09:03:47 2021]
rule blast_probes:
    input: /Users/hao/Documents/Research/Cornell/Scripts/hiprfish/probe-design/example/test_sample/species/s_0.1/primer3/285_consensus.int
    output: /Users/hao/Documents/Research/Cornell/Scripts/hiprfish/probe-design/example/test_sample/species/s_0.1/primer3/285.probe.blast.complete.txt
    jobid: 61
    wildcards: sample=test_sample, target_rank=species, similarity=0.1, taxon=285
    resources: tmpdir=/var/folders/gx/38cjbjvj1_gbld0y2r81xpzw0000gn/T

[Thu Jul  8 09:03:48 2021]
Error in rule blast_probes:
    jobid: 61
    output: /Users/hao/Documents/Research/Cornell/Scripts/hiprfish/probe-design/example/test_sample/species/s_0.1/primer3/285.probe.blast.complete.txt
[Thu Jul  8 09:03:48 2021]
    shell:
        python3 /Users/hao/Documents/Research/Cornell/Scripts/hiprfish/probe-design/hiprfish-probe-design-consensus/hiprfish_blast_probes.py /Users/hao/Documents/Research/Cornell/Scripts/hiprfish/probe-design/example/test_sample/input/test_sample.oriented.fasta /Users/hao/Documents/Research/Cornell/Scripts/hiprfish/probe-design/example/test_sample/species/s_0.1/primer3/285_consensus.int
        (one of the commands exited with non-zero exit code; note that snakemake uses bash strict mode!)
Error in rule blast_probes:

    jobid: 25
    output: /Users/hao/Documents/Research/Cornell/Scripts/hiprfish/probe-design/example/test_sample/species/s_0.1/primer3/1353.probe.blast.complete.txt
    shell:
        python3 /Users/hao/Documents/Research/Cornell/Scripts/hiprfish/probe-design/hiprfish-probe-design-consensus/hiprfish_blast_probes.py /Users/hao/Documents/Research/Cornell/Scripts/hiprfish/probe-design/example/test_sample/input/test_sample.oriented.fasta /Users/hao/Documents/Research/Cornell/Scripts/hiprfish/probe-design/example/test_sample/species/s_0.1/primer3/1353_consensus.int
        (one of the commands exited with non-zero exit code; note that snakemake uses bash strict mode!)

Shutting down, this might take some time.
Exiting because a job execution failed. Look above for error message
Complete log: /Users/hao/Documents/Research/Cornell/Scripts/hiprfish/probe-design/hiprfish-probe-design-consensus/.snakemake/log/2021-07-08T090317.207025.snakemake.log
