Building DAG of jobs...
Using shell: /bin/bash
Provided cores: 4
Rules claiming more threads will be scaled down.
Job stats:
job                                   count    min threads    max threads
----------------------------------  -------  -------------  -------------
add_spacers                               2              1              1
all                                       1              1              1
blast_probes                              2              1              1
collect_probe_coverage_results            1              1              1
collect_selected_probe_information        2              1              1
combine_full_length_sequences             2              1              1
design_probes                             2              1              1
evaluate_taxon_probes                     2              1              1
generate_full_probes                      2              1              1
select_taxon_probes                       2              1              1
total                                    18              1              1

Select jobs to execute...

[Wed Jul  7 16:33:04 2021]
rule design_probes:
    input: /Users/hao/Documents/Research/Cornell/Scripts/hiprfish/probe-design/example/test_sample/input/test_sample.fasta, /Users/hao/Documents/Research/Cornell/Scripts/hiprfish/probe-design/example/test_sample
    output: /Users/hao/Documents/Research/Cornell/Scripts/hiprfish/probe-design/example/test_sample/genus/s_0.1/primer3/{*}_consensus.int (dynamic)
    jobid: 16
    wildcards: sample=test_sample, target_rank=genus, similarity=0.1
    resources: tmpdir=/var/folders/gx/38cjbjvj1_gbld0y2r81xpzw0000gn/T

Subsequent jobs will be added dynamically depending on the output of this job

[Wed Jul  7 16:33:04 2021]
rule design_probes:
    input: /Users/hao/Documents/Research/Cornell/Scripts/hiprfish/probe-design/example/test_sample/input/test_sample.fasta, /Users/hao/Documents/Research/Cornell/Scripts/hiprfish/probe-design/example/test_sample
    output: /Users/hao/Documents/Research/Cornell/Scripts/hiprfish/probe-design/example/test_sample/species/s_0.1/primer3/{*}_consensus.int (dynamic)
    jobid: 8
    wildcards: sample=test_sample, target_rank=species, similarity=0.1
    resources: tmpdir=/var/folders/gx/38cjbjvj1_gbld0y2r81xpzw0000gn/T

Subsequent jobs will be added dynamically depending on the output of this job
[Wed Jul  7 16:36:43 2021]
Finished job 16.
1 of 18 steps (6%) done
[Wed Jul  7 16:36:57 2021]
Finished job 8.
2 of 18 steps (11%) done
Dynamically updating jobs
Dynamically updating jobs
Select jobs to execute...

[Wed Jul  7 16:37:11 2021]
rule blast_probes:
    input: /Users/hao/Documents/Research/Cornell/Scripts/hiprfish/probe-design/example/test_sample/species/s_0.1/primer3/1590_consensus.int
    output: /Users/hao/Documents/Research/Cornell/Scripts/hiprfish/probe-design/example/test_sample/species/s_0.1/primer3/1590.probe.blast.complete.txt
    jobid: 85
    wildcards: sample=test_sample, target_rank=species, similarity=0.1, taxon=1590
    resources: tmpdir=/var/folders/gx/38cjbjvj1_gbld0y2r81xpzw0000gn/T


[Wed Jul  7 16:37:11 2021]
rule blast_probes:
    input: /Users/hao/Documents/Research/Cornell/Scripts/hiprfish/probe-design/example/test_sample/species/s_0.1/primer3/56459_consensus.int
    output: /Users/hao/Documents/Research/Cornell/Scripts/hiprfish/probe-design/example/test_sample/species/s_0.1/primer3/56459.probe.blast.complete.txt
    jobid: 101
    wildcards: sample=test_sample, target_rank=species, similarity=0.1, taxon=56459
    resources: tmpdir=/var/folders/gx/38cjbjvj1_gbld0y2r81xpzw0000gn/T


[Wed Jul  7 16:37:11 2021]
rule blast_probes:
    input: /Users/hao/Documents/Research/Cornell/Scripts/hiprfish/probe-design/example/test_sample/species/s_0.1/primer3/438_consensus.int
    output: /Users/hao/Documents/Research/Cornell/Scripts/hiprfish/probe-design/example/test_sample/species/s_0.1/primer3/438.probe.blast.complete.txt
    jobid: 89
    wildcards: sample=test_sample, target_rank=species, similarity=0.1, taxon=438
    resources: tmpdir=/var/folders/gx/38cjbjvj1_gbld0y2r81xpzw0000gn/T


[Wed Jul  7 16:37:11 2021]
rule blast_probes:
    input: /Users/hao/Documents/Research/Cornell/Scripts/hiprfish/probe-design/example/test_sample/genus/s_0.1/primer3/338_consensus.int
    output: /Users/hao/Documents/Research/Cornell/Scripts/hiprfish/probe-design/example/test_sample/genus/s_0.1/primer3/338.probe.blast.complete.txt
    jobid: 31
    wildcards: sample=test_sample, target_rank=genus, similarity=0.1, taxon=338
    resources: tmpdir=/var/folders/gx/38cjbjvj1_gbld0y2r81xpzw0000gn/T

Select jobs to execute...
[Wed Jul  7 16:37:13 2021]
Error in rule blast_probes:
    jobid: 89
    output: /Users/hao/Documents/Research/Cornell/Scripts/hiprfish/probe-design/example/test_sample/species/s_0.1/primer3/438.probe.blast.complete.txt
    shell:
        python3 /Users/hao/Documents/Research/Cornell/Scripts/hiprfish/probe-design/hiprfish-probe-design-consensus/hiprfish_blast_probes.py /Users/hao/Documents/Research/Cornell/Scripts/hiprfish/probe-design/example/test_sample/input/test_sample.oriented.fasta /Users/hao/Documents/Research/Cornell/Scripts/hiprfish/probe-design/example/test_sample/species/s_0.1/primer3/438_consensus.int
        (one of the commands exited with non-zero exit code; note that snakemake uses bash strict mode!)

[Wed Jul  7 16:37:13 2021]
Error in rule blast_probes:
    jobid: 31
    output: /Users/hao/Documents/Research/Cornell/Scripts/hiprfish/probe-design/example/test_sample/genus/s_0.1/primer3/338.probe.blast.complete.txt
    shell:
        python3 /Users/hao/Documents/Research/Cornell/Scripts/hiprfish/probe-design/hiprfish-probe-design-consensus/hiprfish_blast_probes.py /Users/hao/Documents/Research/Cornell/Scripts/hiprfish/probe-design/example/test_sample/input/test_sample.oriented.fasta /Users/hao/Documents/Research/Cornell/Scripts/hiprfish/probe-design/example/test_sample/genus/s_0.1/primer3/338_consensus.int
        (one of the commands exited with non-zero exit code; note that snakemake uses bash strict mode!)

[Wed Jul  7 16:37:13 2021]
Error in rule blast_probes:
    jobid: 85
    output: /Users/hao/Documents/Research/Cornell/Scripts/hiprfish/probe-design/example/test_sample/species/s_0.1/primer3/1590.probe.blast.complete.txt
    shell:
        python3 /Users/hao/Documents/Research/Cornell/Scripts/hiprfish/probe-design/hiprfish-probe-design-consensus/hiprfish_blast_probes.py /Users/hao/Documents/Research/Cornell/Scripts/hiprfish/probe-design/example/test_sample/input/test_sample.oriented.fasta /Users/hao/Documents/Research/Cornell/Scripts/hiprfish/probe-design/example/test_sample/species/s_0.1/primer3/1590_consensus.int
        (one of the commands exited with non-zero exit code; note that snakemake uses bash strict mode!)

[Wed Jul  7 16:37:13 2021]
Error in rule blast_probes:
    jobid: 101
    output: /Users/hao/Documents/Research/Cornell/Scripts/hiprfish/probe-design/example/test_sample/species/s_0.1/primer3/56459.probe.blast.complete.txt
    shell:
        python3 /Users/hao/Documents/Research/Cornell/Scripts/hiprfish/probe-design/hiprfish-probe-design-consensus/hiprfish_blast_probes.py /Users/hao/Documents/Research/Cornell/Scripts/hiprfish/probe-design/example/test_sample/input/test_sample.oriented.fasta /Users/hao/Documents/Research/Cornell/Scripts/hiprfish/probe-design/example/test_sample/species/s_0.1/primer3/56459_consensus.int
        (one of the commands exited with non-zero exit code; note that snakemake uses bash strict mode!)

Shutting down, this might take some time.
Exiting because a job execution failed. Look above for error message
Complete log: /Users/hao/Documents/Research/Cornell/Scripts/hiprfish/probe-design/hiprfish-probe-design-consensus/.snakemake/log/2021-07-07T163302.225392.snakemake.log
