Building DAG of jobs...
Using shell: /bin/bash
Provided cores: 4
Rules claiming more threads will be scaled down.
Job stats:
job                                   count    min threads    max threads
----------------------------------  -------  -------------  -------------
add_spacers                              10              1              1
all                                       1              1              1
blast_probes                              1              1              1
collect_probe_coverage_results            1              1              1
collect_selected_probe_information        1              1              1
combine_full_length_sequences             1              1              1
evaluate_taxon_probes                     4              1              1
generate_full_probes                      1              1              1
select_taxon_probes                       8              1              1
total                                    28              1              1

Select jobs to execute...

[Mon Jul  5 17:48:36 2021]
rule add_spacers:
    input: /Users/hao/Documents/Research/Cornell/Scripts/hiprfish/probe-design/example/simulation/DSGN0000/2767842_probe_selection.csv
    output: /Users/hao/Documents/Research/Cornell/Scripts/hiprfish/probe-design/example/simulation/DSGN0000/2767842_probe_selection_sa.csv
    jobid: 12
    wildcards: design_id=DSGN0000, taxon=2767842
    resources: tmpdir=/var/folders/gx/38cjbjvj1_gbld0y2r81xpzw0000gn/T


[Mon Jul  5 17:48:36 2021]
rule evaluate_taxon_probes:
    input: /Users/hao/Documents/Research/Cornell/Scripts/hiprfish/probe-design/example/test_sample/genus/s_0.1/primer3/469_consensus.int, /Users/hao/Documents/Research/Cornell/Scripts/hiprfish/probe-design/example/test_sample/genus/s_0.1/primer3/469.probe.blast.complete.txt
    output: /Users/hao/Documents/Research/Cornell/Scripts/hiprfish/probe-design/example/test_sample/genus/s_0.1/blast/469.probe.evaluation.complete.txt
    jobid: 42
    wildcards: sample=test_sample, target_rank=genus, similarity=0.1, taxon=469
    resources: tmpdir=/var/folders/gx/38cjbjvj1_gbld0y2r81xpzw0000gn/T


[Mon Jul  5 17:48:36 2021]
rule evaluate_taxon_probes:
    input: /Users/hao/Documents/Research/Cornell/Scripts/hiprfish/probe-design/example/test_sample/genus/s_0.1/primer3/1716_consensus.int, /Users/hao/Documents/Research/Cornell/Scripts/hiprfish/probe-design/example/test_sample/genus/s_0.1/primer3/1716.probe.blast.complete.txt
    output: /Users/hao/Documents/Research/Cornell/Scripts/hiprfish/probe-design/example/test_sample/genus/s_0.1/blast/1716.probe.evaluation.complete.txt
    jobid: 30
    wildcards: sample=test_sample, target_rank=genus, similarity=0.1, taxon=1716
    resources: tmpdir=/var/folders/gx/38cjbjvj1_gbld0y2r81xpzw0000gn/T


[Mon Jul  5 17:48:36 2021]
rule select_taxon_probes:
    input: /Users/hao/Documents/Research/Cornell/Scripts/hiprfish/probe-design/example/test_sample/genus/s_0.1/blast/283.probe.evaluation.complete.txt
    output: /Users/hao/Documents/Research/Cornell/Scripts/hiprfish/probe-design/example/simulation/DSGN0000/283_probe_selection.csv
    jobid: 33
    wildcards: design_id=DSGN0000, taxon=283
    resources: tmpdir=/var/folders/gx/38cjbjvj1_gbld0y2r81xpzw0000gn/T

[Mon Jul  5 17:48:39 2021]
Error in rule add_spacers:
    jobid: 12
    output: /Users/hao/Documents/Research/Cornell/Scripts/hiprfish/probe-design/example/simulation/DSGN0000/2767842_probe_selection_sa.csv
    shell:
        python3 /Users/hao/Documents/Research/Cornell/Scripts/hiprfish/probe-design/hiprfish-probe-design-consensus/hiprfish_add_spacers.py /Users/hao/Documents/Research/Cornell/Scripts/hiprfish/probe-design/example/simulation/DSGN0000/2767842_probe_selection.csv /Users/hao/Documents/Research/Cornell/Scripts/hiprfish/probe-design/example/simulation/DSGN0000/2767842_probe_selection_sa.csv /Users/hao/Documents/Research/Cornell/Scripts/hiprfish/probe-design/example/test_sample/genus/s_0.1/consensus
        (one of the commands exited with non-zero exit code; note that snakemake uses bash strict mode!)

[Mon Jul  5 18:00:07 2021]
Finished job 33.
1 of 28 steps (4%) done
[Mon Jul  5 18:00:49 2021]
Finished job 30.
2 of 28 steps (7%) done
[Mon Jul  5 18:01:45 2021]
Finished job 42.
3 of 28 steps (11%) done
Shutting down, this might take some time.
Exiting because a job execution failed. Look above for error message
Complete log: /Users/hao/Documents/Research/Cornell/Scripts/hiprfish/probe-design/hiprfish-probe-design-consensus/.snakemake/log/2021-07-05T174820.649836.snakemake.log
