Building DAG of jobs...
Using shell: /bin/bash
Provided cores: 108
Rules claiming more threads will be scaled down.
Job counts:
	count	jobs
	1	all
	1	collect_probe_coverage_results
	1	collect_selected_probe_information
	1	combine_full_length_sequences
	1	generate_full_probes
	5

[Fri Mar 13 14:57:12 2020]
rule collect_selected_probe_information:
    input: /workdir/hs673/Runs/V1/Samples/HIPRFISH_7/simulation/DSGN0677/DSGN0677_probe_spacer_addition_complete.txt, /workdir/hs673/Runs/V1/Samples/HIPRFISH_7/simulation_table_74.csv, /workdir/hs673/Runs/V1/Samples/HIPRFISH_7/simulation/DSGN0677
    output: /workdir/hs673/Runs/V1/Samples/HIPRFISH_7/simulation/DSGN0677/taxon_best_probes_filtered.csv, /workdir/hs673/Runs/V1/Samples/HIPRFISH_7/simulation/DSGN0677/taxon_best_probes_summary.csv
    jobid: 4
    wildcards: design_id=DSGN0677

Terminating processes on user request, this might take some time.
[Fri Mar 13 14:57:18 2020]
Error in rule collect_selected_probe_information:
    jobid: 4
    output: /workdir/hs673/Runs/V1/Samples/HIPRFISH_7/simulation/DSGN0677/taxon_best_probes_filtered.csv, /workdir/hs673/Runs/V1/Samples/HIPRFISH_7/simulation/DSGN0677/taxon_best_probes_summary.csv

RuleException:
CalledProcessError in line 388 of /home/id93_0001/hs673/Workflows/HIPRFISH_strain_v8/Snakefile:
Command ' set -euo pipefail;  python3 /home/hs673/Workflows/HIPRFISH_strain_v8/hiprfish_collect_taxon_best_probes.py /workdir/hs673/Runs/V1/Samples/HIPRFISH_7/simulation/DSGN0677 /workdir/hs673/Runs/V1/Samples/HIPRFISH_7/simulation_table_74.csv /workdir/hs673/Runs/V1/Samples/HIPRFISH_7/simulation/DSGN0677/taxon_best_probes_filtered.csv /workdir/hs673/Runs/V1/Samples/HIPRFISH_7/simulation/DSGN0677/taxon_best_probes_summary.csv 0.99 ' died with <Signals.SIGINT: 2>.
  File "/home/id93_0001/hs673/Workflows/HIPRFISH_strain_v8/Snakefile", line 388, in __rule_collect_selected_probe_information
  File "/usr/lib64/python3.6/concurrent/futures/thread.py", line 56, in run
Complete log: /home/id93_0001/hs673/Workflows/HIPRFISH_strain_v8/.snakemake/log/2020-03-13T145711.507884.snakemake.log
