Building DAG of jobs...
Using shell: /bin/bash
Provided cores: 108
Rules claiming more threads will be scaled down.
Job counts:
	count	jobs
	1	add_spacers
	1	all
	1	collect_probe_coverage_results
	1	collect_selected_probe_information
	1	combine_full_length_sequences
	1	generate_full_probes
	1	select_taxon_probes
	7

[Tue Mar  3 08:53:10 2020]
rule select_taxon_probes:
    input: /workdir/hs673/Runs/V1/Samples/HIPRFISH_7/simulation/DSGN0677/probe_evaluation_secondary_complete.txt
    output: /workdir/hs673/Runs/V1/Samples/HIPRFISH_7/simulation/DSGN0677/DSGN0677_probe_selection_complete.txt
    jobid: 6
    wildcards: design_id=DSGN0677

[Tue Mar  3 12:59:24 2020]
Finished job 6.
1 of 7 steps (14%) done

[Tue Mar  3 12:59:24 2020]
rule add_spacers:
    input: /workdir/hs673/Runs/V1/Samples/HIPRFISH_7/simulation/DSGN0677/DSGN0677_probe_selection_complete.txt
    output: /workdir/hs673/Runs/V1/Samples/HIPRFISH_7/simulation/DSGN0677/DSGN0677_probe_spacer_addition_complete.txt
    jobid: 5
    wildcards: design_id=DSGN0677

[Tue Mar  3 13:01:59 2020]
Finished job 5.
2 of 7 steps (29%) done

[Tue Mar  3 13:01:59 2020]
rule collect_selected_probe_information:
    input: /workdir/hs673/Runs/V1/Samples/HIPRFISH_7/simulation/DSGN0677/DSGN0677_probe_spacer_addition_complete.txt, /workdir/hs673/Runs/V1/Samples/HIPRFISH_7/simulation_table_74.csv, /workdir/hs673/Runs/V1/Samples/HIPRFISH_7/simulation/DSGN0677
    output: /workdir/hs673/Runs/V1/Samples/HIPRFISH_7/simulation/DSGN0677/taxon_best_probes_filtered.csv, /workdir/hs673/Runs/V1/Samples/HIPRFISH_7/simulation/DSGN0677/taxon_best_probes_summary.csv
    jobid: 4
    wildcards: design_id=DSGN0677

[Tue Mar  3 13:02:01 2020]
Finished job 4.
3 of 7 steps (43%) done

[Tue Mar  3 13:02:01 2020]
rule generate_full_probes:
    input: /workdir/hs673/Runs/V1/Samples/HIPRFISH_7/simulation/DSGN0677/taxon_best_probes_filtered.csv
    output: /workdir/hs673/Runs/V1/Samples/HIPRFISH_7/simulation/DSGN0677/DSGN0677_full_length_probes_sequences.txt, /workdir/hs673/Runs/V1/Samples/HIPRFISH_7/simulation/DSGN0677/DSGN0677_full_length_blocking_probes_sequences.txt, /workdir/hs673/Runs/V1/Samples/HIPRFISH_7/simulation/DSGN0677/DSGN0677_full_length_helper_probes_sequences.txt, /workdir/hs673/Runs/V1/Samples/HIPRFISH_7/simulation/DSGN0677/DSGN0677_full_length_probes_summary.txt
    jobid: 3
    wildcards: design_id=DSGN0677

[Tue Mar  3 13:02:22 2020]
Error in rule generate_full_probes:
    jobid: 3
    output: /workdir/hs673/Runs/V1/Samples/HIPRFISH_7/simulation/DSGN0677/DSGN0677_full_length_probes_sequences.txt, /workdir/hs673/Runs/V1/Samples/HIPRFISH_7/simulation/DSGN0677/DSGN0677_full_length_blocking_probes_sequences.txt, /workdir/hs673/Runs/V1/Samples/HIPRFISH_7/simulation/DSGN0677/DSGN0677_full_length_helper_probes_sequences.txt, /workdir/hs673/Runs/V1/Samples/HIPRFISH_7/simulation/DSGN0677/DSGN0677_full_length_probes_summary.txt

RuleException:
CalledProcessError in line 420 of /home/id93_0001/hs673/Workflows/HIPRFISH_strain_v8/Snakefile:
Command ' set -euo pipefail;  python3 /home/hs673/Workflows/HIPRFISH_strain_v8/hiprfish_generate_full_probes.py /workdir/hs673/Runs/V1/Samples/HIPRFISH_7/simulation/DSGN0677 /workdir/hs673/Runs/V1/Samples/HIPRFISH_7/04_02_2017/utilities/ /workdir/hs673/Runs/V1/Samples/HIPRFISH_7/04_02_2017/evaluate/ /workdir/hs673/Runs/V1/Samples/HIPRFISH_7/04_02_2017/input/04_02_2017.oriented.fasta 0.99 14 15 -ps C -t genus -bs MostSimple -tc white -n_workers 108 ' returned non-zero exit status 1.
  File "/home/id93_0001/hs673/Workflows/HIPRFISH_strain_v8/Snakefile", line 420, in __rule_generate_full_probes
  File "/usr/lib64/python3.6/concurrent/futures/thread.py", line 56, in run
Shutting down, this might take some time.
Exiting because a job execution failed. Look above for error message
Complete log: /home/id93_0001/hs673/Workflows/HIPRFISH_strain_v8/.snakemake/log/2020-03-03T085309.912541.snakemake.log
